2017-04-21 15:19:52.344   Log opened. (Time zone: UTC+08:00)
2017-04-21 15:19:52.344   Setup version: Inno Setup version 5.5.9 (a)
2017-04-21 15:19:52.344   Original Setup EXE: F:\cadeath\Documents\GitHub\Dalton\Pawnshop\AutoDeploy\bin\Debug\tmp\daltonps-1506.exe
2017-04-21 15:19:52.344   Setup command line: /SL5="$1206AC,7104167,192512,F:\cadeath\Documents\GitHub\Dalton\Pawnshop\AutoDeploy\bin\Debug\tmp\daltonps-1506.exe" /SPAWNWND=$6C01DA /NOTIFYWND=$2405F6 /LOG="AutoLog.log" /SILENT
2017-04-21 15:19:52.344   Windows version: 6.1.7601 SP1  (NT platform: Yes)
2017-04-21 15:19:52.344   64-bit Windows: Yes
2017-04-21 15:19:52.344   Processor architecture: x64
2017-04-21 15:19:52.344   User privileges: Administrative
2017-04-21 15:19:52.344   64-bit install mode: No
2017-04-21 15:19:52.344   Created temporary directory: C:\Users\CaDeAtH\AppData\Local\Temp\is-4S2V7.tmp
2017-04-21 15:19:52.407   Starting the installation process.
2017-04-21 15:19:52.407   Creating directory: C:\Program Files (x86)\cdt-S0ft
2017-04-21 15:19:52.407   Creating directory: C:\Program Files (x86)\cdt-S0ft\Dalton Pawnshop
2017-04-21 15:19:52.407   Creating directory: C:\Program Files (x86)\cdt-S0ft\Dalton Pawnshop\SalesInventory
2017-04-21 15:19:52.407   Directory for uninstall files: C:\Program Files (x86)\cdt-S0ft\Dalton Pawnshop
2017-04-21 15:19:52.407   Creating new uninstall log: C:\Program Files (x86)\cdt-S0ft\Dalton Pawnshop\unins000.dat
2017-04-21 15:19:52.407   -- File entry --
2017-04-21 15:19:52.407   Dest filename: C:\Program Files (x86)\cdt-S0ft\Dalton Pawnshop\unins000.exe
2017-04-21 15:19:52.422   Time stamp of our file: 2017-04-21 15:19:52.313
2017-04-21 15:19:52.422   Installing the file.
2017-04-21 15:19:52.424   Uninstaller requires administrator: Yes
2017-04-21 15:19:52.489   Successfully installed the file.
2017-04-21 15:19:52.504   -- File entry --
2017-04-21 15:19:52.504   Dest filename: C:\Program Files (x86)\cdt-S0ft\Dalton Pawnshop\pawnshop.exe
2017-04-21 15:19:52.504   Time stamp of our file: 2017-04-10 13:24:18.000
2017-04-21 15:19:52.504   Installing the file.
2017-04-21 15:19:52.864   Successfully installed the file.
2017-04-21 15:19:52.865   -- File entry --
2017-04-21 15:19:52.866   Dest filename: C:\Program Files (x86)\cdt-S0ft\Dalton Pawnshop\ads.html
2017-04-21 15:19:52.866   Time stamp of our file: 2016-07-08 09:32:16.000
2017-04-21 15:19:52.866   Installing the file.
2017-04-21 15:19:52.867   Successfully installed the file.
2017-04-21 15:19:52.868   -- File entry --
2017-04-21 15:19:52.868   Dest filename: C:\Program Files (x86)\cdt-S0ft\Dalton Pawnshop\backup.bat
2017-04-21 15:19:52.868   Time stamp of our file: 2016-07-08 09:32:16.000
2017-04-21 15:19:52.868   Installing the file.
2017-04-21 15:19:52.869   Successfully installed the file.
2017-04-21 15:19:52.869   -- File entry --
2017-04-21 15:19:52.870   Dest filename: C:\Program Files (x86)\cdt-S0ft\Dalton Pawnshop\changelog.txt
2017-04-21 15:19:52.870   Time stamp of our file: 2017-04-10 13:21:44.000
2017-04-21 15:19:52.870   Installing the file.
2017-04-21 15:19:52.874   Successfully installed the file.
2017-04-21 15:19:52.874   -- File entry --
2017-04-21 15:19:52.874   Dest filename: C:\Program Files (x86)\cdt-S0ft\Dalton Pawnshop\DeathCodez.dll
2017-04-21 15:19:52.874   Time stamp of our file: 2016-07-08 09:32:16.000
2017-04-21 15:19:52.874   Installing the file.
2017-04-21 15:19:52.874   Successfully installed the file.
2017-04-21 15:19:52.874   -- File entry --
2017-04-21 15:19:52.874   Dest filename: C:\Program Files (x86)\cdt-S0ft\Dalton Pawnshop\Google.Authenticator.dll
2017-04-21 15:19:52.874   Time stamp of our file: 2016-12-21 15:57:18.000
2017-04-21 15:19:52.874   Installing the file.
2017-04-21 15:19:52.890   Successfully installed the file.
2017-04-21 15:19:52.890   -- File entry --
2017-04-21 15:19:52.890   Dest filename: C:\Program Files (x86)\cdt-S0ft\Dalton Pawnshop\log4net.dll
2017-04-21 15:19:52.890   Time stamp of our file: 2017-04-10 12:07:34.000
2017-04-21 15:19:52.890   Installing the file.
2017-04-21 15:19:52.921   Successfully installed the file.
2017-04-21 15:19:52.921   -- File entry --
2017-04-21 15:19:52.921   Dest filename: C:\Program Files (x86)\cdt-S0ft\Dalton Pawnshop\Microsoft.ReportViewer.Common.dll
2017-04-21 15:19:52.921   Time stamp of our file: 2010-03-18 22:27:40.000
2017-04-21 15:19:52.921   Installing the file.
2017-04-21 15:19:53.165   Successfully installed the file.
2017-04-21 15:19:53.165   -- File entry --
2017-04-21 15:19:53.166   Dest filename: C:\Program Files (x86)\cdt-S0ft\Dalton Pawnshop\Microsoft.ReportViewer.WinForms.dll
2017-04-21 15:19:53.166   Time stamp of our file: 2010-03-18 22:27:40.000
2017-04-21 15:19:53.166   Installing the file.
2017-04-21 15:19:53.217   Successfully installed the file.
2017-04-21 15:19:53.217   -- File entry --
2017-04-21 15:19:53.217   Dest filename: C:\Program Files (x86)\cdt-S0ft\Dalton Pawnshop\Microsoft.ReportViewer.WinForms.xml
2017-04-21 15:19:53.217   Time stamp of our file: 2010-03-03 21:11:32.000
2017-04-21 15:19:53.217   Installing the file.
2017-04-21 15:19:53.217   Successfully installed the file.
2017-04-21 15:19:53.217   -- File entry --
2017-04-21 15:19:53.217   Dest filename: C:\Program Files (x86)\cdt-S0ft\Dalton Pawnshop\Microsoft.VisualBasic.PowerPacks.Vs.dll
2017-04-21 15:19:53.217   Time stamp of our file: 2010-03-18 20:15:28.000
2017-04-21 15:19:53.217   Installing the file.
2017-04-21 15:19:53.248   Successfully installed the file.
2017-04-21 15:19:53.248   -- File entry --
2017-04-21 15:19:53.248   Dest filename: C:\Program Files (x86)\cdt-S0ft\Dalton Pawnshop\Microsoft.VisualBasic.PowerPacks.Vs.xml
2017-04-21 15:19:53.248   Time stamp of our file: 2010-01-10 22:09:54.000
2017-04-21 15:19:53.248   Installing the file.
2017-04-21 15:19:53.264   Successfully installed the file.
2017-04-21 15:19:53.264   -- File entry --
2017-04-21 15:19:53.264   Dest filename: C:\Program Files (x86)\cdt-S0ft\Dalton Pawnshop\Newtonsoft.Json.dll
2017-04-21 15:19:53.264   Time stamp of our file: 2017-04-10 12:07:32.000
2017-04-21 15:19:53.264   Installing the file.
2017-04-21 15:19:53.295   Successfully installed the file.
2017-04-21 15:19:53.295   -- File entry --
2017-04-21 15:19:53.295   Dest filename: C:\Program Files (x86)\cdt-S0ft\Dalton Pawnshop\OneApi.dll
2017-04-21 15:19:53.295   Time stamp of our file: 2017-04-10 12:07:32.000
2017-04-21 15:19:53.295   Installing the file.
2017-04-21 15:19:53.311   Successfully installed the file.
2017-04-21 15:19:53.326   -- File entry --
2017-04-21 15:19:53.326   Dest filename: C:\Program Files (x86)\cdt-S0ft\Dalton Pawnshop\pawnshop.exe
2017-04-21 15:19:53.326   Time stamp of our file: 2017-04-10 13:24:18.000
2017-04-21 15:19:53.326   Dest file exists.
2017-04-21 15:19:53.326   Time stamp of existing file: 2017-04-10 13:24:18.000
2017-04-21 15:19:53.326   Installing the file.
2017-04-21 15:19:53.436   Successfully installed the file.
2017-04-21 15:19:53.436   -- File entry --
2017-04-21 15:19:53.436   Dest filename: C:\Program Files (x86)\cdt-S0ft\Dalton Pawnshop\pawnshop.exe.config
2017-04-21 15:19:53.436   Time stamp of our file: 2017-04-10 12:07:32.000
2017-04-21 15:19:53.436   Installing the file.
2017-04-21 15:19:53.436   Successfully installed the file.
2017-04-21 15:19:53.436   -- File entry --
2017-04-21 15:19:53.436   Dest filename: C:\Program Files (x86)\cdt-S0ft\Dalton Pawnshop\pawnshop.pdb
2017-04-21 15:19:53.436   Time stamp of our file: 2017-04-10 13:24:18.000
2017-04-21 15:19:53.436   Installing the file.
2017-04-21 15:19:53.498   Successfully installed the file.
2017-04-21 15:19:53.498   -- File entry --
2017-04-21 15:19:53.498   Dest filename: C:\Program Files (x86)\cdt-S0ft\Dalton Pawnshop\pawnshop.vshost.exe
2017-04-21 15:19:53.498   Time stamp of our file: 2017-04-10 13:24:30.000
2017-04-21 15:19:53.498   Installing the file.
2017-04-21 15:19:53.514   Successfully installed the file.
2017-04-21 15:19:53.514   -- File entry --
2017-04-21 15:19:53.514   Dest filename: C:\Program Files (x86)\cdt-S0ft\Dalton Pawnshop\pawnshop.vshost.exe.config
2017-04-21 15:19:53.514   Time stamp of our file: 2017-04-10 12:07:32.000
2017-04-21 15:19:53.514   Installing the file.
2017-04-21 15:19:53.514   Successfully installed the file.
2017-04-21 15:19:53.514   -- File entry --
2017-04-21 15:19:53.514   Dest filename: C:\Program Files (x86)\cdt-S0ft\Dalton Pawnshop\pawnshop.vshost.exe.manifest
2017-04-21 15:19:53.514   Time stamp of our file: 2016-07-08 09:32:16.000
2017-04-21 15:19:53.514   Installing the file.
2017-04-21 15:19:53.514   Successfully installed the file.
2017-04-21 15:19:53.514   -- File entry --
2017-04-21 15:19:53.514   Dest filename: C:\Program Files (x86)\cdt-S0ft\Dalton Pawnshop\pawnshop.xml
2017-04-21 15:19:53.514   Time stamp of our file: 2017-04-10 13:24:18.000
2017-04-21 15:19:53.514   Installing the file.
2017-04-21 15:19:53.535   Successfully installed the file.
2017-04-21 15:19:53.535   -- File entry --
2017-04-21 15:19:53.536   Dest filename: C:\Program Files (x86)\cdt-S0ft\Dalton Pawnshop\Rar.exe
2017-04-21 15:19:53.536   Time stamp of our file: 2016-07-08 09:32:16.000
2017-04-21 15:19:53.536   Installing the file.
2017-04-21 15:19:53.657   Successfully installed the file.
2017-04-21 15:19:53.657   -- File entry --
2017-04-21 15:19:53.657   Dest filename: C:\Program Files (x86)\cdt-S0ft\Dalton Pawnshop\RestSharp.dll
2017-04-21 15:19:53.657   Time stamp of our file: 2017-04-10 12:07:34.000
2017-04-21 15:19:53.657   Installing the file.
2017-04-21 15:19:53.688   Successfully installed the file.
2017-04-21 15:19:53.688   -- File entry --
2017-04-21 15:19:53.688   Dest filename: C:\Program Files (x86)\cdt-S0ft\Dalton Pawnshop\System.Data.DataSetExtensions.dll
2017-04-21 15:19:53.688   Time stamp of our file: 2010-03-18 19:31:26.000
2017-04-21 15:19:53.688   Installing the file.
2017-04-21 15:19:53.704   Successfully installed the file.
2017-04-21 15:19:53.704   -- File entry --
2017-04-21 15:19:53.704   Dest filename: C:\Program Files (x86)\cdt-S0ft\Dalton Pawnshop\System.Data.dll
2017-04-21 15:19:53.704   Time stamp of our file: 2010-03-18 19:31:26.000
2017-04-21 15:19:53.704   Installing the file.
2017-04-21 15:19:53.750   Successfully installed the file.
2017-04-21 15:19:53.750   -- File entry --
2017-04-21 15:19:53.750   Dest filename: C:\Program Files (x86)\cdt-S0ft\Dalton Pawnshop\System.Deployment.dll
2017-04-21 15:19:53.750   Time stamp of our file: 2010-03-18 19:31:26.000
2017-04-21 15:19:53.750   Installing the file.
2017-04-21 15:19:53.782   Successfully installed the file.
2017-04-21 15:19:53.782   -- File entry --
2017-04-21 15:19:53.782   Dest filename: C:\Program Files (x86)\cdt-S0ft\Dalton Pawnshop\System.dll
2017-04-21 15:19:53.782   Time stamp of our file: 2010-03-18 19:31:26.000
2017-04-21 15:19:53.782   Installing the file.
2017-04-21 15:19:53.828   Successfully installed the file.
2017-04-21 15:19:53.828   -- File entry --
2017-04-21 15:19:53.828   Dest filename: C:\Program Files (x86)\cdt-S0ft\Dalton Pawnshop\System.Drawing.dll
2017-04-21 15:19:53.828   Time stamp of our file: 2010-03-18 19:31:26.000
2017-04-21 15:19:53.828   Installing the file.
2017-04-21 15:19:53.863   Successfully installed the file.
2017-04-21 15:19:53.863   -- File entry --
2017-04-21 15:19:53.864   Dest filename: C:\Program Files (x86)\cdt-S0ft\Dalton Pawnshop\System.Runtime.Serialization.dll
2017-04-21 15:19:53.864   Time stamp of our file: 2010-03-18 19:31:26.000
2017-04-21 15:19:53.864   Installing the file.
2017-04-21 15:19:53.889   Successfully installed the file.
2017-04-21 15:19:53.889   -- File entry --
2017-04-21 15:19:53.889   Dest filename: C:\Program Files (x86)\cdt-S0ft\Dalton Pawnshop\System.Web.Services.dll
2017-04-21 15:19:53.889   Time stamp of our file: 2010-03-18 19:31:26.000
2017-04-21 15:19:53.889   Installing the file.
2017-04-21 15:19:53.920   Successfully installed the file.
2017-04-21 15:19:53.920   -- File entry --
2017-04-21 15:19:53.920   Dest filename: C:\Program Files (x86)\cdt-S0ft\Dalton Pawnshop\System.Windows.Forms.dll
2017-04-21 15:19:53.920   Time stamp of our file: 2010-03-18 19:31:26.000
2017-04-21 15:19:53.920   Installing the file.
2017-04-21 15:19:53.984   Successfully installed the file.
2017-04-21 15:19:53.984   -- File entry --
2017-04-21 15:19:53.984   Dest filename: C:\Program Files (x86)\cdt-S0ft\Dalton Pawnshop\System.Xml.dll
2017-04-21 15:19:53.984   Time stamp of our file: 2010-03-18 19:31:26.000
2017-04-21 15:19:53.984   Installing the file.
2017-04-21 15:19:54.015   Successfully installed the file.
2017-04-21 15:19:54.015   -- File entry --
2017-04-21 15:19:54.015   Dest filename: C:\Program Files (x86)\cdt-S0ft\Dalton Pawnshop\System.Xml.Linq.dll
2017-04-21 15:19:54.015   Time stamp of our file: 2010-03-18 19:31:26.000
2017-04-21 15:19:54.015   Installing the file.
2017-04-21 15:19:54.031   Successfully installed the file.
2017-04-21 15:19:54.031   -- File entry --
2017-04-21 15:19:54.031   Dest filename: C:\Program Files (x86)\cdt-S0ft\Dalton Pawnshop\TOTP.dll
2017-04-21 15:19:54.031   Time stamp of our file: 2017-02-09 14:20:26.000
2017-04-21 15:19:54.031   Installing the file.
2017-04-21 15:19:54.046   Successfully installed the file.
2017-04-21 15:19:54.046   -- File entry --
2017-04-21 15:19:54.046   Dest filename: C:\Program Files (x86)\cdt-S0ft\Dalton Pawnshop\W3W1LH4CKU.FDB
2017-04-21 15:19:54.046   Time stamp of our file: 2017-04-10 13:24:28.000
2017-04-21 15:19:54.046   Installing the file.
2017-04-21 15:19:54.077   Successfully installed the file.
2017-04-21 15:19:54.077   -- File entry --
2017-04-21 15:19:54.077   Dest filename: C:\Program Files (x86)\cdt-S0ft\Dalton Pawnshop\doc\ExpiryFormat.xls
2017-04-21 15:19:54.077   Time stamp of our file: 2017-02-15 14:07:50.000
2017-04-21 15:19:54.077   Installing the file.
2017-04-21 15:19:54.077   Creating directory: C:\Program Files (x86)\cdt-S0ft\Dalton Pawnshop\doc
2017-04-21 15:19:54.077   Successfully installed the file.
2017-04-21 15:19:54.077   -- File entry --
2017-04-21 15:19:54.077   Dest filename: C:\Program Files (x86)\cdt-S0ft\Dalton Pawnshop\doc\JournalEntries.xls
2017-04-21 15:19:54.077   Time stamp of our file: 2017-02-15 14:07:50.000
2017-04-21 15:19:54.077   Installing the file.
2017-04-21 15:19:54.077   Successfully installed the file.
2017-04-21 15:19:54.077   -- File entry --
2017-04-21 15:19:54.077   Dest filename: C:\Program Files (x86)\cdt-S0ft\Dalton Pawnshop\lib\log4net.dll
2017-04-21 15:19:54.077   Time stamp of our file: 2017-04-10 12:07:34.000
2017-04-21 15:19:54.077   Installing the file.
2017-04-21 15:19:54.077   Creating directory: C:\Program Files (x86)\cdt-S0ft\Dalton Pawnshop\lib
2017-04-21 15:19:54.109   Successfully installed the file.
2017-04-21 15:19:54.109   -- File entry --
2017-04-21 15:19:54.109   Dest filename: C:\Program Files (x86)\cdt-S0ft\Dalton Pawnshop\lib\Newtonsoft.Json.dll
2017-04-21 15:19:54.109   Time stamp of our file: 2017-04-10 12:07:32.000
2017-04-21 15:19:54.109   Installing the file.
2017-04-21 15:19:54.140   Successfully installed the file.
2017-04-21 15:19:54.140   -- File entry --
2017-04-21 15:19:54.155   Dest filename: C:\Program Files (x86)\cdt-S0ft\Dalton Pawnshop\lib\OneApi.dll
2017-04-21 15:19:54.155   Time stamp of our file: 2017-04-10 12:07:32.000
2017-04-21 15:19:54.155   Installing the file.
2017-04-21 15:19:54.173   Successfully installed the file.
2017-04-21 15:19:54.173   -- File entry --
2017-04-21 15:19:54.173   Dest filename: C:\Program Files (x86)\cdt-S0ft\Dalton Pawnshop\lib\RestSharp.dll
2017-04-21 15:19:54.173   Time stamp of our file: 2017-04-10 12:07:34.000
2017-04-21 15:19:54.173   Installing the file.
2017-04-21 15:19:54.204   Successfully installed the file.
2017-04-21 15:19:54.204   -- File entry --
2017-04-21 15:19:54.204   Dest filename: C:\Program Files (x86)\cdt-S0ft\Dalton Pawnshop\Reports\AuctionMonlyreport.rdlc
2017-04-21 15:19:54.204   Time stamp of our file: 2017-03-14 16:28:46.000
2017-04-21 15:19:54.204   Installing the file.
2017-04-21 15:19:54.204   Creating directory: C:\Program Files (x86)\cdt-S0ft\Dalton Pawnshop\Reports
2017-04-21 15:19:54.204   Successfully installed the file.
2017-04-21 15:19:54.204   -- File entry --
2017-04-21 15:19:54.204   Dest filename: C:\Program Files (x86)\cdt-S0ft\Dalton Pawnshop\Reports\AuctionMonthlyReportJWL.rdlc
2017-04-21 15:19:54.204   Time stamp of our file: 2017-03-14 16:28:46.000
2017-04-21 15:19:54.204   Installing the file.
2017-04-21 15:19:54.220   Successfully installed the file.
2017-04-21 15:19:54.220   -- File entry --
2017-04-21 15:19:54.220   Dest filename: C:\Program Files (x86)\cdt-S0ft\Dalton Pawnshop\Reports\d_Loan.rdlc
2017-04-21 15:19:54.220   Time stamp of our file: 2016-07-08 09:32:16.000
2017-04-21 15:19:54.220   Installing the file.
2017-04-21 15:19:54.235   Successfully installed the file.
2017-04-21 15:19:54.235   -- File entry --
2017-04-21 15:19:54.235   Dest filename: C:\Program Files (x86)\cdt-S0ft\Dalton Pawnshop\Reports\d_Remittance.rdlc
2017-04-21 15:19:54.235   Time stamp of our file: 2016-07-08 09:32:16.000
2017-04-21 15:19:54.235   Installing the file.
2017-04-21 15:19:54.235   Successfully installed the file.
2017-04-21 15:19:54.235   -- File entry --
2017-04-21 15:19:54.235   Dest filename: C:\Program Files (x86)\cdt-S0ft\Dalton Pawnshop\Reports\layout01.rdlc
2017-04-21 15:19:54.235   Time stamp of our file: 2017-03-14 16:28:46.000
2017-04-21 15:19:54.235   Installing the file.
2017-04-21 15:19:54.251   Successfully installed the file.
2017-04-21 15:19:54.251   -- File entry --
2017-04-21 15:19:54.251   Dest filename: C:\Program Files (x86)\cdt-S0ft\Dalton Pawnshop\Reports\layout02.rdlc
2017-04-21 15:19:54.251   Time stamp of our file: 2016-08-30 14:20:16.000
2017-04-21 15:19:54.251   Installing the file.
2017-04-21 15:19:54.251   Successfully installed the file.
2017-04-21 15:19:54.251   -- File entry --
2017-04-21 15:19:54.251   Dest filename: C:\Program Files (x86)\cdt-S0ft\Dalton Pawnshop\Reports\layout03.rdlc
2017-04-21 15:19:54.251   Time stamp of our file: 2017-03-14 16:28:46.000
2017-04-21 15:19:54.251   Installing the file.
2017-04-21 15:19:54.267   Successfully installed the file.
2017-04-21 15:19:54.267   -- File entry --
2017-04-21 15:19:54.267   Dest filename: C:\Program Files (x86)\cdt-S0ft\Dalton Pawnshop\Reports\layout04.rdlc
2017-04-21 15:19:54.267   Time stamp of our file: 2016-07-08 09:32:16.000
2017-04-21 15:19:54.267   Installing the file.
2017-04-21 15:19:54.267   Successfully installed the file.
2017-04-21 15:19:54.267   -- File entry --
2017-04-21 15:19:54.267   Dest filename: C:\Program Files (x86)\cdt-S0ft\Dalton Pawnshop\Reports\layout05.rdlc
2017-04-21 15:19:54.267   Time stamp of our file: 2016-07-08 09:32:16.000
2017-04-21 15:19:54.267   Installing the file.
2017-04-21 15:19:54.267   Successfully installed the file.
2017-04-21 15:19:54.267   -- File entry --
2017-04-21 15:19:54.267   Dest filename: C:\Program Files (x86)\cdt-S0ft\Dalton Pawnshop\Reports\RenewalBreakDown.rdlc
2017-04-21 15:19:54.267   Time stamp of our file: 2017-03-14 16:28:46.000
2017-04-21 15:19:54.267   Installing the file.
2017-04-21 15:19:54.282   Successfully installed the file.
2017-04-21 15:19:54.282   -- File entry --
2017-04-21 15:19:54.282   Dest filename: C:\Program Files (x86)\cdt-S0ft\Dalton Pawnshop\Reports\rptDollarTransaction.rdlc
2017-04-21 15:19:54.282   Time stamp of our file: 2016-07-08 09:32:16.000
2017-04-21 15:19:54.282   Installing the file.
2017-04-21 15:19:54.282   Successfully installed the file.
2017-04-21 15:19:54.282   -- File entry --
2017-04-21 15:19:54.282   Dest filename: C:\Program Files (x86)\cdt-S0ft\Dalton Pawnshop\Reports\rptd_graph.rdlc
2017-04-21 15:19:54.282   Time stamp of our file: 2016-11-23 08:17:24.000
2017-04-21 15:19:54.282   Installing the file.
2017-04-21 15:19:54.282   Successfully installed the file.
2017-04-21 15:19:54.282   -- File entry --
2017-04-21 15:19:54.282   Dest filename: C:\Program Files (x86)\cdt-S0ft\Dalton Pawnshop\Reports\rptReceipt.rdlc
2017-04-21 15:19:54.282   Time stamp of our file: 2017-03-14 16:28:46.000
2017-04-21 15:19:54.282   Installing the file.
2017-04-21 15:19:54.298   Successfully installed the file.
2017-04-21 15:19:54.298   -- File entry --
2017-04-21 15:19:54.298   Dest filename: C:\Program Files (x86)\cdt-S0ft\Dalton Pawnshop\Reports\rptVoidReport.rdlc
2017-04-21 15:19:54.298   Time stamp of our file: 2017-02-28 15:26:58.000
2017-04-21 15:19:54.298   Installing the file.
2017-04-21 15:19:54.298   Successfully installed the file.
2017-04-21 15:19:54.298   -- File entry --
2017-04-21 15:19:54.298   Dest filename: C:\Program Files (x86)\cdt-S0ft\Dalton Pawnshop\Reports\rpt_AuctionMonthly.rdlc
2017-04-21 15:19:54.298   Time stamp of our file: 2017-03-14 16:28:46.000
2017-04-21 15:19:54.298   Installing the file.
2017-04-21 15:19:54.298   Successfully installed the file.
2017-04-21 15:19:54.298   -- File entry --
2017-04-21 15:19:54.298   Dest filename: C:\Program Files (x86)\cdt-S0ft\Dalton Pawnshop\Reports\rpt_Borrowings.rdlc
2017-04-21 15:19:54.298   Time stamp of our file: 2016-07-08 09:32:16.000
2017-04-21 15:19:54.298   Installing the file.
2017-04-21 15:19:54.313   Successfully installed the file.
2017-04-21 15:19:54.313   -- File entry --
2017-04-21 15:19:54.313   Dest filename: C:\Program Files (x86)\cdt-S0ft\Dalton Pawnshop\Reports\rpt_CashCount.rdlc
2017-04-21 15:19:54.314   Time stamp of our file: 2016-07-08 09:32:16.000
2017-04-21 15:19:54.314   Installing the file.
2017-04-21 15:19:54.315   Successfully installed the file.
2017-04-21 15:19:54.315   -- File entry --
2017-04-21 15:19:54.315   Dest filename: C:\Program Files (x86)\cdt-S0ft\Dalton Pawnshop\Reports\rpt_CashCountSheet.rdlc
2017-04-21 15:19:54.315   Time stamp of our file: 2016-07-08 09:32:16.000
2017-04-21 15:19:54.315   Installing the file.
2017-04-21 15:19:54.315   Successfully installed the file.
2017-04-21 15:19:54.315   -- File entry --
2017-04-21 15:19:54.315   Dest filename: C:\Program Files (x86)\cdt-S0ft\Dalton Pawnshop\Reports\rpt_CashInOut.rdlc
2017-04-21 15:19:54.315   Time stamp of our file: 2016-07-08 09:32:16.000
2017-04-21 15:19:54.315   Installing the file.
2017-04-21 15:19:54.315   Successfully installed the file.
2017-04-21 15:19:54.315   -- File entry --
2017-04-21 15:19:54.315   Dest filename: C:\Program Files (x86)\cdt-S0ft\Dalton Pawnshop\Reports\rpt_CashInOutSummary.rdlc
2017-04-21 15:19:54.315   Time stamp of our file: 2016-07-08 09:32:16.000
2017-04-21 15:19:54.315   Installing the file.
2017-04-21 15:19:54.331   Successfully installed the file.
2017-04-21 15:19:54.331   -- File entry --
2017-04-21 15:19:54.331   Dest filename: C:\Program Files (x86)\cdt-S0ft\Dalton Pawnshop\Reports\rpt_Dollar.rdlc
2017-04-21 15:19:54.331   Time stamp of our file: 2016-07-08 09:32:16.000
2017-04-21 15:19:54.331   Installing the file.
2017-04-21 15:19:54.331   Successfully installed the file.
2017-04-21 15:19:54.331   -- File entry --
2017-04-21 15:19:54.331   Dest filename: C:\Program Files (x86)\cdt-S0ft\Dalton Pawnshop\Reports\rpt_ExpiryList.rdlc
2017-04-21 15:19:54.331   Time stamp of our file: 2017-04-10 12:07:32.000
2017-04-21 15:19:54.331   Installing the file.
2017-04-21 15:19:54.331   Successfully installed the file.
2017-04-21 15:19:54.331   -- File entry --
2017-04-21 15:19:54.331   Dest filename: C:\Program Files (x86)\cdt-S0ft\Dalton Pawnshop\Reports\rpt_ExpirySingle.rdlc
2017-04-21 15:19:54.331   Time stamp of our file: 2017-04-10 12:07:32.000
2017-04-21 15:19:54.331   Installing the file.
2017-04-21 15:19:54.331   Successfully installed the file.
2017-04-21 15:19:54.347   -- File entry --
2017-04-21 15:19:54.347   Dest filename: C:\Program Files (x86)\cdt-S0ft\Dalton Pawnshop\Reports\rpt_ForfeitLayaway.rdlc
2017-04-21 15:19:54.347   Time stamp of our file: 2017-04-10 12:07:32.000
2017-04-21 15:19:54.347   Installing the file.
2017-04-21 15:19:54.347   Successfully installed the file.
2017-04-21 15:19:54.347   -- File entry --
2017-04-21 15:19:54.347   Dest filename: C:\Program Files (x86)\cdt-S0ft\Dalton Pawnshop\Reports\rpt_History.rdlc
2017-04-21 15:19:54.347   Time stamp of our file: 2017-03-14 16:28:46.000
2017-04-21 15:19:54.347   Installing the file.
2017-04-21 15:19:54.347   Successfully installed the file.
2017-04-21 15:19:54.347   -- File entry --
2017-04-21 15:19:54.347   Dest filename: C:\Program Files (x86)\cdt-S0ft\Dalton Pawnshop\Reports\rpt_hourlySummary.rdlc
2017-04-21 15:19:54.347   Time stamp of our file: 2016-07-08 09:32:16.000
2017-04-21 15:19:54.347   Installing the file.
2017-04-21 15:19:54.347   Successfully installed the file.
2017-04-21 15:19:54.347   -- File entry --
2017-04-21 15:19:54.347   Dest filename: C:\Program Files (x86)\cdt-S0ft\Dalton Pawnshop\Reports\rpt_Insurance.rdlc
2017-04-21 15:19:54.347   Time stamp of our file: 2016-07-08 09:32:16.000
2017-04-21 15:19:54.347   Installing the file.
2017-04-21 15:19:54.362   Successfully installed the file.
2017-04-21 15:19:54.362   -- File entry --
2017-04-21 15:19:54.362   Dest filename: C:\Program Files (x86)\cdt-S0ft\Dalton Pawnshop\Reports\rpt_InventoryPOS.rdlc
2017-04-21 15:19:54.362   Time stamp of our file: 2017-03-14 16:28:46.000
2017-04-21 15:19:54.362   Installing the file.
2017-04-21 15:19:54.362   Successfully installed the file.
2017-04-21 15:19:54.362   -- File entry --
2017-04-21 15:19:54.362   Dest filename: C:\Program Files (x86)\cdt-S0ft\Dalton Pawnshop\Reports\rpt_ItemPullout.rdlc
2017-04-21 15:19:54.362   Time stamp of our file: 2017-03-14 16:28:46.000
2017-04-21 15:19:54.362   Installing the file.
2017-04-21 15:19:54.362   Successfully installed the file.
2017-04-21 15:19:54.362   -- File entry --
2017-04-21 15:19:54.362   Dest filename: C:\Program Files (x86)\cdt-S0ft\Dalton Pawnshop\Reports\rpt_LayawayList.rdlc
2017-04-21 15:19:54.362   Time stamp of our file: 2017-04-10 12:07:32.000
2017-04-21 15:19:54.362   Installing the file.
2017-04-21 15:19:54.378   Successfully installed the file.
2017-04-21 15:19:54.378   -- File entry --
2017-04-21 15:19:54.378   Dest filename: C:\Program Files (x86)\cdt-S0ft\Dalton Pawnshop\Reports\rpt_LayAwayReport.rdlc
2017-04-21 15:19:54.378   Time stamp of our file: 2017-04-10 12:07:32.000
2017-04-21 15:19:54.378   Installing the file.
2017-04-21 15:19:54.378   Successfully installed the file.
2017-04-21 15:19:54.378   -- File entry --
2017-04-21 15:19:54.378   Dest filename: C:\Program Files (x86)\cdt-S0ft\Dalton Pawnshop\Reports\rpt_LoanRegister.rdlc
2017-04-21 15:19:54.378   Time stamp of our file: 2016-07-08 09:32:16.000
2017-04-21 15:19:54.378   Installing the file.
2017-04-21 15:19:54.378   Successfully installed the file.
2017-04-21 15:19:54.378   -- File entry --
2017-04-21 15:19:54.378   Dest filename: C:\Program Files (x86)\cdt-S0ft\Dalton Pawnshop\Reports\rpt_LoanRenew.rdlc
2017-04-21 15:19:54.378   Time stamp of our file: 2017-02-09 14:20:26.000
2017-04-21 15:19:54.378   Installing the file.
2017-04-21 15:19:54.393   Successfully installed the file.
2017-04-21 15:19:54.393   -- File entry --
2017-04-21 15:19:54.393   Dest filename: C:\Program Files (x86)\cdt-S0ft\Dalton Pawnshop\Reports\rpt_LoanRenew_Monthly2.rdlc
2017-04-21 15:19:54.393   Time stamp of our file: 2016-07-08 09:32:16.000
2017-04-21 15:19:54.393   Installing the file.
2017-04-21 15:19:54.393   Successfully installed the file.
2017-04-21 15:19:54.393   -- File entry --
2017-04-21 15:19:54.393   Dest filename: C:\Program Files (x86)\cdt-S0ft\Dalton Pawnshop\Reports\rpt_moneyTransfer.rdlc
2017-04-21 15:19:54.393   Time stamp of our file: 2016-07-08 09:32:16.000
2017-04-21 15:19:54.393   Installing the file.
2017-04-21 15:19:54.393   Successfully installed the file.
2017-04-21 15:19:54.393   -- File entry --
2017-04-21 15:19:54.393   Dest filename: C:\Program Files (x86)\cdt-S0ft\Dalton Pawnshop\Reports\rpt_MoneyTransferBracketing.rdlc
2017-04-21 15:19:54.393   Time stamp of our file: 2017-02-09 14:20:26.000
2017-04-21 15:19:54.393   Installing the file.
2017-04-21 15:19:54.409   Successfully installed the file.
2017-04-21 15:19:54.409   -- File entry --
2017-04-21 15:19:54.409   Dest filename: C:\Program Files (x86)\cdt-S0ft\Dalton Pawnshop\Reports\rpt_MonthlyTransactionCount.rdlc
2017-04-21 15:19:54.409   Time stamp of our file: 2017-02-09 14:20:26.000
2017-04-21 15:19:54.409   Installing the file.
2017-04-21 15:19:54.409   Successfully installed the file.
2017-04-21 15:19:54.409   -- File entry --
2017-04-21 15:19:54.409   Dest filename: C:\Program Files (x86)\cdt-S0ft\Dalton Pawnshop\Reports\rpt_Monthly_BSP.rdlc
2017-04-21 15:19:54.409   Time stamp of our file: 2016-07-08 09:32:16.000
2017-04-21 15:19:54.409   Installing the file.
2017-04-21 15:19:54.409   Successfully installed the file.
2017-04-21 15:19:54.409   -- File entry --
2017-04-21 15:19:54.409   Dest filename: C:\Program Files (x86)\cdt-S0ft\Dalton Pawnshop\Reports\rpt_Monthly_MT.rdlc
2017-04-21 15:19:54.409   Time stamp of our file: 2016-07-08 09:32:16.000
2017-04-21 15:19:54.409   Installing the file.
2017-04-21 15:19:54.425   Successfully installed the file.
2017-04-21 15:19:54.425   -- File entry --
2017-04-21 15:19:54.425   Dest filename: C:\Program Files (x86)\cdt-S0ft\Dalton Pawnshop\Reports\rpt_Outstanding.rdlc
2017-04-21 15:19:54.425   Time stamp of our file: 2017-04-08 17:00:50.000
2017-04-21 15:19:54.425   Installing the file.
2017-04-21 15:19:54.425   Successfully installed the file.
2017-04-21 15:19:54.425   -- File entry --
2017-04-21 15:19:54.425   Dest filename: C:\Program Files (x86)\cdt-S0ft\Dalton Pawnshop\Reports\rpt_pawning.rdlc
2017-04-21 15:19:54.425   Time stamp of our file: 2017-03-14 16:28:48.000
2017-04-21 15:19:54.425   Installing the file.
2017-04-21 15:19:54.425   Successfully installed the file.
2017-04-21 15:19:54.425   -- File entry --
2017-04-21 15:19:54.425   Dest filename: C:\Program Files (x86)\cdt-S0ft\Dalton Pawnshop\Reports\rpt_RedeemRenew.rdlc
2017-04-21 15:19:54.425   Time stamp of our file: 2016-07-08 09:32:16.000
2017-04-21 15:19:54.425   Installing the file.
2017-04-21 15:19:54.440   Successfully installed the file.
2017-04-21 15:19:54.440   -- File entry --
2017-04-21 15:19:54.440   Dest filename: C:\Program Files (x86)\cdt-S0ft\Dalton Pawnshop\Reports\rpt_RegisterNewLoan.rdlc
2017-04-21 15:19:54.440   Time stamp of our file: 2017-03-14 16:28:46.000
2017-04-21 15:19:54.440   Installing the file.
2017-04-21 15:19:54.440   Successfully installed the file.
2017-04-21 15:19:54.440   -- File entry --
2017-04-21 15:19:54.440   Dest filename: C:\Program Files (x86)\cdt-S0ft\Dalton Pawnshop\Reports\rpt_RegisterRedeem.rdlc
2017-04-21 15:19:54.440   Time stamp of our file: 2017-03-14 16:28:46.000
2017-04-21 15:19:54.440   Installing the file.
2017-04-21 15:19:54.440   Successfully installed the file.
2017-04-21 15:19:54.440   -- File entry --
2017-04-21 15:19:54.440   Dest filename: C:\Program Files (x86)\cdt-S0ft\Dalton Pawnshop\Reports\rpt_SalesReport.rdlc
2017-04-21 15:19:54.440   Time stamp of our file: 2017-04-10 12:07:32.000
2017-04-21 15:19:54.440   Installing the file.
2017-04-21 15:19:54.456   Successfully installed the file.
2017-04-21 15:19:54.456   -- File entry --
2017-04-21 15:19:54.456   Dest filename: C:\Program Files (x86)\cdt-S0ft\Dalton Pawnshop\Reports\rpt_Segregated.rdlc
2017-04-21 15:19:54.456   Time stamp of our file: 2017-03-14 16:28:46.000
2017-04-21 15:19:54.456   Installing the file.
2017-04-21 15:19:54.456   Successfully installed the file.
2017-04-21 15:19:54.456   -- File entry --
2017-04-21 15:19:54.456   Dest filename: C:\Program Files (x86)\cdt-S0ft\Dalton Pawnshop\Reports\rpt_StockOutReport.rdlc
2017-04-21 15:19:54.456   Time stamp of our file: 2017-03-14 16:28:48.000
2017-04-21 15:19:54.456   Installing the file.
2017-04-21 15:19:54.456   Successfully installed the file.
2017-04-21 15:19:54.456   -- File entry --
2017-04-21 15:19:54.456   Dest filename: C:\Program Files (x86)\cdt-S0ft\Dalton Pawnshop\Reports\sq_MoneyTransfer.rdlc
2017-04-21 15:19:54.456   Time stamp of our file: 2016-07-08 09:32:16.000
2017-04-21 15:19:54.456   Installing the file.
2017-04-21 15:19:54.471   Successfully installed the file.
2017-04-21 15:19:54.471   -- File entry --
2017-04-21 15:19:54.471   Dest filename: C:\Program Files (x86)\cdt-S0ft\Dalton Pawnshop\Reports\sub_hit.rdlc
2017-04-21 15:19:54.471   Time stamp of our file: 2016-07-08 09:32:16.000
2017-04-21 15:19:54.471   Installing the file.
2017-04-21 15:19:54.471   Successfully installed the file.
2017-04-21 15:19:54.471   -- File entry --
2017-04-21 15:19:54.471   Dest filename: C:\Program Files (x86)\cdt-S0ft\Dalton Pawnshop\Reports\_layout03.rdlc
2017-04-21 15:19:54.471   Time stamp of our file: 2017-03-23 14:47:58.000
2017-04-21 15:19:54.471   Installing the file.
2017-04-21 15:19:54.487   Successfully installed the file.
2017-04-21 15:19:54.487   -- File entry --
2017-04-21 15:19:54.487   Dest filename: C:\Program Files (x86)\cdt-S0ft\Dalton Pawnshop\Template\Import Template.xlsx
2017-04-21 15:19:54.487   Time stamp of our file: 2016-07-08 09:32:16.000
2017-04-21 15:19:54.487   Installing the file.
2017-04-21 15:19:54.487   Creating directory: C:\Program Files (x86)\cdt-S0ft\Dalton Pawnshop\Template
2017-04-21 15:19:54.487   Successfully installed the file.
2017-04-21 15:19:54.487   -- Icon entry --
2017-04-21 15:19:54.487   Dest filename: C:\ProgramData\Microsoft\Windows\Start Menu\Programs\cdt-S0ft\Dalton Pawnshop\Dalton Pawnshop.lnk
2017-04-21 15:19:54.487   Creating directory: C:\ProgramData\Microsoft\Windows\Start Menu\Programs\cdt-S0ft
2017-04-21 15:19:54.487   Creating directory: C:\ProgramData\Microsoft\Windows\Start Menu\Programs\cdt-S0ft\Dalton Pawnshop
2017-04-21 15:19:54.487   Creating the icon.
2017-04-21 15:19:54.596   Successfully created the icon.
2017-04-21 15:19:54.596   -- Icon entry --
2017-04-21 15:19:54.596   Dest filename: C:\ProgramData\Microsoft\Windows\Start Menu\Programs\cdt-S0ft\Dalton Pawnshop\Uninstall Dalton Pawnshop.lnk
2017-04-21 15:19:54.596   Creating the icon.
2017-04-21 15:19:54.612   Successfully created the icon.
2017-04-21 15:19:54.721   Installation process succeeded.
2017-04-21 15:19:54.721   Need to restart Windows? No
2017-04-21 15:19:54.721   Deinitializing Setup.
2017-04-21 15:19:54.721   Log closed.
